<?xml version="1.0" encoding="UTF-8"?>
<testng-results ignored="0" total="1" passed="1" failed="0" skipped="0">
  <reporter-output>
  </reporter-output>
  <suite started-at="2026-02-14T00:35:49 IST" name="Default suite" finished-at="2026-02-14T00:36:01 IST" duration-ms="12064">
    <groups>
      <group name="cucumber">
        <method signature="AbstractTestNGCucumberTests.runScenario(io.cucumber.testng.PickleWrapper,io.cucumber.testng.FeatureWrapper)[pri:0, instance:TestNgRunner.TestRunner@7817fd62]" name="runScenario" class="io.cucumber.testng.AbstractTestNGCucumberTests"/>
      </group> <!-- cucumber -->
    </groups>
    <test started-at="2026-02-14T00:35:49 IST" name="Default test" finished-at="2026-02-14T00:36:01 IST" duration-ms="12064">
      <class name="TestNgRunner.TestRunner">
        <test-method is-config="true" signature="setUpClass(org.testng.ITestContext)[pri:0, instance:TestNgRunner.TestRunner@7817fd62]" started-at="2026-02-14T00:35:49 IST" name="setUpClass" finished-at="2026-02-14T00:35:50 IST" duration-ms="869" status="PASS">
          <params>
            <param index="0">
              <value>
                <![CDATA[org.testng.TestRunner@68fe48d7]]>
              </value>
            </param>
          </params>
          <reporter-output>
          </reporter-output>
        </test-method> <!-- setUpClass -->
        <test-method signature="runScenario(io.cucumber.testng.PickleWrapper,io.cucumber.testng.FeatureWrapper)[pri:0, instance:TestNgRunner.TestRunner@7817fd62]" started-at="2026-02-14T00:35:50 IST" name="runScenario" description="Runs Cucumber Scenarios" data-provider="scenarios" finished-at="2026-02-14T00:36:01 IST" duration-ms="11086" status="PASS">
          <params>
            <param index="0">
              <value>
                <![CDATA["Search the ProductName in HomePage and Validate that same name in Top details page"]]>
              </value>
            </param>
            <param index="1">
              <value>
                <![CDATA["Search the product name and validate it"]]>
              </value>
            </param>
          </params>
          <reporter-output>
          </reporter-output>
        </test-method> <!-- runScenario -->
        <test-method is-config="true" signature="tearDownClass()[pri:0, instance:TestNgRunner.TestRunner@7817fd62]" started-at="2026-02-14T00:36:01 IST" name="tearDownClass" finished-at="2026-02-14T00:36:01 IST" duration-ms="34" status="PASS">
          <reporter-output>
          </reporter-output>
        </test-method> <!-- tearDownClass -->
      </class> <!-- TestNgRunner.TestRunner -->
    </test> <!-- Default test -->
  </suite> <!-- Default suite -->
</testng-results>
